2019-07-28 10:30:25  [ restartedMain:90087 ] - [ ERROR ]  Application run failed
tk.mybatis.mapper.MapperException: tk.mybatis.mapper.provider.EmptyProvider中缺少selectOne方法!
	at tk.mybatis.mapper.mapperhelper.MapperHelper.fromMapperClass(MapperHelper.java:137)
	at tk.mybatis.mapper.mapperhelper.MapperHelper.registerMapper(MapperHelper.java:151)
	at tk.mybatis.mapper.mapperhelper.MapperHelper.registerMapper(MapperHelper.java:157)
	at tk.mybatis.mapper.mapperhelper.MapperHelper.registerMapper(MapperHelper.java:157)
	at tk.mybatis.mapper.mapperhelper.MapperHelper.registerMapper(MapperHelper.java:157)
	at tk.mybatis.mapper.mapperhelper.MapperHelper.registerMapper(MapperHelper.java:157)
	at tk.mybatis.mapper.mapperhelper.MapperHelper.registerMapper(MapperHelper.java:157)
	at tk.mybatis.mapper.mapperhelper.MapperHelper.setConfig(MapperHelper.java:327)
	at tk.mybatis.spring.mapper.ClassPathMapperScanner.setMapperProperties(ClassPathMapperScanner.java:279)
	at tk.mybatis.mapper.autoconfigure.MapperAutoConfiguration$AutoConfiguredMapperScannerRegistrar.registerBeanDefinitions(MapperAutoConfiguration.java:191)
	at org.springframework.context.annotation.ConfigurationClassBeanDefinitionReader.lambda$loadBeanDefinitionsFromRegistrars$1(ConfigurationClassBeanDefinitionReader.java:364)
	at java.util.LinkedHashMap.forEach(LinkedHashMap.java:684)
	at org.springframework.context.annotation.ConfigurationClassBeanDefinitionReader.loadBeanDefinitionsFromRegistrars(ConfigurationClassBeanDefinitionReader.java:363)
	at org.springframework.context.annotation.ConfigurationClassBeanDefinitionReader.loadBeanDefinitionsForConfigurationClass(ConfigurationClassBeanDefinitionReader.java:145)
	at org.springframework.context.annotation.ConfigurationClassBeanDefinitionReader.loadBeanDefinitions(ConfigurationClassBeanDefinitionReader.java:117)
	at org.springframework.context.annotation.ConfigurationClassPostProcessor.processConfigBeanDefinitions(ConfigurationClassPostProcessor.java:327)
	at org.springframework.context.annotation.ConfigurationClassPostProcessor.postProcessBeanDefinitionRegistry(ConfigurationClassPostProcessor.java:232)
	at org.springframework.context.support.PostProcessorRegistrationDelegate.invokeBeanDefinitionRegistryPostProcessors(PostProcessorRegistrationDelegate.java:275)
	at org.springframework.context.support.PostProcessorRegistrationDelegate.invokeBeanFactoryPostProcessors(PostProcessorRegistrationDelegate.java:95)
	at org.springframework.context.support.AbstractApplicationContext.invokeBeanFactoryPostProcessors(AbstractApplicationContext.java:705)
	at org.springframework.context.support.AbstractApplicationContext.refresh(AbstractApplicationContext.java:531)
	at org.springframework.boot.web.servlet.context.ServletWebServerApplicationContext.refresh(ServletWebServerApplicationContext.java:140)
	at org.springframework.boot.SpringApplication.refresh(SpringApplication.java:742)
	at org.springframework.boot.SpringApplication.refreshContext(SpringApplication.java:389)
	at org.springframework.boot.SpringApplication.run(SpringApplication.java:311)
	at org.springframework.boot.SpringApplication.run(SpringApplication.java:1213)
	at org.springframework.boot.SpringApplication.run(SpringApplication.java:1202)
	at com.bosssoft.hr.train.BossBesBasedataControllerApplication.main(BossBesBasedataControllerApplication.java:16)
	at sun.reflect.NativeMethodAccessorImpl.invoke0(Native Method)
	at sun.reflect.NativeMethodAccessorImpl.invoke(NativeMethodAccessorImpl.java:62)
	at sun.reflect.DelegatingMethodAccessorImpl.invoke(DelegatingMethodAccessorImpl.java:43)
	at java.lang.reflect.Method.invoke(Method.java:498)
	at org.springframework.boot.devtools.restart.RestartLauncher.run(RestartLauncher.java:49)
2019-07-28 10:30:47  [ restartedMain:111767 ] - [ ERROR ]  Application run failed
tk.mybatis.mapper.MapperException: tk.mybatis.mapper.provider.EmptyProvider中缺少selectOne方法!
	at tk.mybatis.mapper.mapperhelper.MapperHelper.fromMapperClass(MapperHelper.java:137)
	at tk.mybatis.mapper.mapperhelper.MapperHelper.registerMapper(MapperHelper.java:151)
	at tk.mybatis.mapper.mapperhelper.MapperHelper.registerMapper(MapperHelper.java:157)
	at tk.mybatis.mapper.mapperhelper.MapperHelper.registerMapper(MapperHelper.java:157)
	at tk.mybatis.mapper.mapperhelper.MapperHelper.registerMapper(MapperHelper.java:157)
	at tk.mybatis.mapper.mapperhelper.MapperHelper.registerMapper(MapperHelper.java:157)
	at tk.mybatis.mapper.mapperhelper.MapperHelper.registerMapper(MapperHelper.java:157)
	at tk.mybatis.mapper.mapperhelper.MapperHelper.setConfig(MapperHelper.java:327)
	at tk.mybatis.spring.mapper.ClassPathMapperScanner.setMapperProperties(ClassPathMapperScanner.java:279)
	at tk.mybatis.mapper.autoconfigure.MapperAutoConfiguration$AutoConfiguredMapperScannerRegistrar.registerBeanDefinitions(MapperAutoConfiguration.java:191)
	at org.springframework.context.annotation.ConfigurationClassBeanDefinitionReader.lambda$loadBeanDefinitionsFromRegistrars$1(ConfigurationClassBeanDefinitionReader.java:364)
	at java.util.LinkedHashMap.forEach(LinkedHashMap.java:684)
	at org.springframework.context.annotation.ConfigurationClassBeanDefinitionReader.loadBeanDefinitionsFromRegistrars(ConfigurationClassBeanDefinitionReader.java:363)
	at org.springframework.context.annotation.ConfigurationClassBeanDefinitionReader.loadBeanDefinitionsForConfigurationClass(ConfigurationClassBeanDefinitionReader.java:145)
	at org.springframework.context.annotation.ConfigurationClassBeanDefinitionReader.loadBeanDefinitions(ConfigurationClassBeanDefinitionReader.java:117)
	at org.springframework.context.annotation.ConfigurationClassPostProcessor.processConfigBeanDefinitions(ConfigurationClassPostProcessor.java:327)
	at org.springframework.context.annotation.ConfigurationClassPostProcessor.postProcessBeanDefinitionRegistry(ConfigurationClassPostProcessor.java:232)
	at org.springframework.context.support.PostProcessorRegistrationDelegate.invokeBeanDefinitionRegistryPostProcessors(PostProcessorRegistrationDelegate.java:275)
	at org.springframework.context.support.PostProcessorRegistrationDelegate.invokeBeanFactoryPostProcessors(PostProcessorRegistrationDelegate.java:95)
	at org.springframework.context.support.AbstractApplicationContext.invokeBeanFactoryPostProcessors(AbstractApplicationContext.java:705)
	at org.springframework.context.support.AbstractApplicationContext.refresh(AbstractApplicationContext.java:531)
	at org.springframework.boot.web.servlet.context.ServletWebServerApplicationContext.refresh(ServletWebServerApplicationContext.java:140)
	at org.springframework.boot.SpringApplication.refresh(SpringApplication.java:742)
	at org.springframework.boot.SpringApplication.refreshContext(SpringApplication.java:389)
	at org.springframework.boot.SpringApplication.run(SpringApplication.java:311)
	at org.springframework.boot.SpringApplication.run(SpringApplication.java:1213)
	at org.springframework.boot.SpringApplication.run(SpringApplication.java:1202)
	at com.bosssoft.hr.train.BossBesBasedataControllerApplication.main(BossBesBasedataControllerApplication.java:16)
	at sun.reflect.NativeMethodAccessorImpl.invoke0(Native Method)
	at sun.reflect.NativeMethodAccessorImpl.invoke(NativeMethodAccessorImpl.java:62)
	at sun.reflect.DelegatingMethodAccessorImpl.invoke(DelegatingMethodAccessorImpl.java:43)
	at java.lang.reflect.Method.invoke(Method.java:498)
	at org.springframework.boot.devtools.restart.RestartLauncher.run(RestartLauncher.java:49)
2019-07-28 10:30:54  [ restartedMain:118285 ] - [ ERROR ]  Application run failed
java.lang.IllegalStateException: Error processing condition on org.springframework.boot.devtools.autoconfigure.DevToolsDataSourceAutoConfiguration
	at org.springframework.boot.autoconfigure.condition.SpringBootCondition.matches(SpringBootCondition.java:59)
	at org.springframework.context.annotation.ConditionEvaluator.shouldSkip(ConditionEvaluator.java:108)
	at org.springframework.context.annotation.ConfigurationClassBeanDefinitionReader$TrackedConditionEvaluator.shouldSkip(ConfigurationClassBeanDefinitionReader.java:447)
	at org.springframework.context.annotation.ConfigurationClassBeanDefinitionReader.loadBeanDefinitionsForConfigurationClass(ConfigurationClassBeanDefinitionReader.java:128)
	at org.springframework.context.annotation.ConfigurationClassBeanDefinitionReader.loadBeanDefinitions(ConfigurationClassBeanDefinitionReader.java:117)
	at org.springframework.context.annotation.ConfigurationClassPostProcessor.processConfigBeanDefinitions(ConfigurationClassPostProcessor.java:327)
	at org.springframework.context.annotation.ConfigurationClassPostProcessor.postProcessBeanDefinitionRegistry(ConfigurationClassPostProcessor.java:232)
	at org.springframework.context.support.PostProcessorRegistrationDelegate.invokeBeanDefinitionRegistryPostProcessors(PostProcessorRegistrationDelegate.java:275)
	at org.springframework.context.support.PostProcessorRegistrationDelegate.invokeBeanFactoryPostProcessors(PostProcessorRegistrationDelegate.java:95)
	at org.springframework.context.support.AbstractApplicationContext.invokeBeanFactoryPostProcessors(AbstractApplicationContext.java:705)
	at org.springframework.context.support.AbstractApplicationContext.refresh(AbstractApplicationContext.java:531)
	at org.springframework.boot.web.servlet.context.ServletWebServerApplicationContext.refresh(ServletWebServerApplicationContext.java:140)
	at org.springframework.boot.SpringApplication.refresh(SpringApplication.java:742)
	at org.springframework.boot.SpringApplication.refreshContext(SpringApplication.java:389)
	at org.springframework.boot.SpringApplication.run(SpringApplication.java:311)
	at org.springframework.boot.SpringApplication.run(SpringApplication.java:1213)
	at org.springframework.boot.SpringApplication.run(SpringApplication.java:1202)
	at com.bosssoft.hr.train.BossBesBasedataControllerApplication.main(BossBesBasedataControllerApplication.java:16)
	at sun.reflect.NativeMethodAccessorImpl.invoke0(Native Method)
	at sun.reflect.NativeMethodAccessorImpl.invoke(NativeMethodAccessorImpl.java:62)
	at sun.reflect.DelegatingMethodAccessorImpl.invoke(DelegatingMethodAccessorImpl.java:43)
	at java.lang.reflect.Method.invoke(Method.java:498)
	at org.springframework.boot.devtools.restart.RestartLauncher.run(RestartLauncher.java:49)
Caused by: org.springframework.beans.factory.CannotLoadBeanClassException: Cannot find class [com.bosssoft.hr.train.aspect.aspect.SystemLogAspect] for bean with name 'systemLogAspect' defined in file [D:\boss-idea\boss-project\boss-bes-basedata-center\boss-bes-basedata-compont\target\classes\com\bosssoft\hr\train\aspect\aspect\SystemLogAspect.class]; nested exception is java.lang.ClassNotFoundException: com.bosssoft.hr.train.aspect.aspect.SystemLogAspect
	at org.springframework.beans.factory.support.AbstractBeanFactory.resolveBeanClass(AbstractBeanFactory.java:1392)
	at org.springframework.beans.factory.support.AbstractAutowireCapableBeanFactory.determineTargetType(AbstractAutowireCapableBeanFactory.java:680)
	at org.springframework.beans.factory.support.AbstractAutowireCapableBeanFactory.predictBeanType(AbstractAutowireCapableBeanFactory.java:647)
	at org.springframework.beans.factory.support.AbstractBeanFactory.isFactoryBean(AbstractBeanFactory.java:1518)
	at org.springframework.beans.factory.support.DefaultListableBeanFactory.doGetBeanNamesForType(DefaultListableBeanFactory.java:511)
	at org.springframework.beans.factory.support.DefaultListableBeanFactory.getBeanNamesForType(DefaultListableBeanFactory.java:481)
	at org.springframework.beans.factory.support.DefaultListableBeanFactory.getBeanNamesForType(DefaultListableBeanFactory.java:475)
	at org.springframework.boot.devtools.autoconfigure.DevToolsDataSourceAutoConfiguration$DevToolsDataSourceCondition.getMatchOutcome(DevToolsDataSourceAutoConfiguration.java:181)
	at org.springframework.boot.autoconfigure.condition.SpringBootCondition.matches(SpringBootCondition.java:46)
	... 22 more
Caused by: java.lang.ClassNotFoundException: com.bosssoft.hr.train.aspect.aspect.SystemLogAspect
	at java.net.URLClassLoader.findClass(URLClassLoader.java:381)
	at java.lang.ClassLoader.loadClass(ClassLoader.java:424)
	at sun.misc.Launcher$AppClassLoader.loadClass(Launcher.java:349)
	at java.lang.ClassLoader.loadClass(ClassLoader.java:357)
	at org.springframework.boot.devtools.restart.classloader.RestartClassLoader.loadClass(RestartClassLoader.java:144)
	at java.lang.ClassLoader.loadClass(ClassLoader.java:357)
	at java.lang.Class.forName0(Native Method)
	at java.lang.Class.forName(Class.java:348)
	at org.springframework.util.ClassUtils.forName(ClassUtils.java:275)
	at org.springframework.beans.factory.support.AbstractBeanDefinition.resolveBeanClass(AbstractBeanDefinition.java:444)
	at org.springframework.beans.factory.support.AbstractBeanFactory.doResolveBeanClass(AbstractBeanFactory.java:1457)
	at org.springframework.beans.factory.support.AbstractBeanFactory.resolveBeanClass(AbstractBeanFactory.java:1384)
	... 30 more
2019-07-28 10:30:57  [ restartedMain:121582 ] - [ ERROR ]  Application run failed
tk.mybatis.mapper.MapperException: tk.mybatis.mapper.provider.EmptyProvider中缺少selectOne方法!
	at tk.mybatis.mapper.mapperhelper.MapperHelper.fromMapperClass(MapperHelper.java:137)
	at tk.mybatis.mapper.mapperhelper.MapperHelper.registerMapper(MapperHelper.java:151)
	at tk.mybatis.mapper.mapperhelper.MapperHelper.registerMapper(MapperHelper.java:157)
	at tk.mybatis.mapper.mapperhelper.MapperHelper.registerMapper(MapperHelper.java:157)
	at tk.mybatis.mapper.mapperhelper.MapperHelper.registerMapper(MapperHelper.java:157)
	at tk.mybatis.mapper.mapperhelper.MapperHelper.registerMapper(MapperHelper.java:157)
	at tk.mybatis.mapper.mapperhelper.MapperHelper.registerMapper(MapperHelper.java:157)
	at tk.mybatis.mapper.mapperhelper.MapperHelper.setConfig(MapperHelper.java:327)
	at tk.mybatis.spring.mapper.ClassPathMapperScanner.setMapperProperties(ClassPathMapperScanner.java:279)
	at tk.mybatis.mapper.autoconfigure.MapperAutoConfiguration$AutoConfiguredMapperScannerRegistrar.registerBeanDefinitions(MapperAutoConfiguration.java:191)
	at org.springframework.context.annotation.ConfigurationClassBeanDefinitionReader.lambda$loadBeanDefinitionsFromRegistrars$1(ConfigurationClassBeanDefinitionReader.java:364)
	at java.util.LinkedHashMap.forEach(LinkedHashMap.java:684)
	at org.springframework.context.annotation.ConfigurationClassBeanDefinitionReader.loadBeanDefinitionsFromRegistrars(ConfigurationClassBeanDefinitionReader.java:363)
	at org.springframework.context.annotation.ConfigurationClassBeanDefinitionReader.loadBeanDefinitionsForConfigurationClass(ConfigurationClassBeanDefinitionReader.java:145)
	at org.springframework.context.annotation.ConfigurationClassBeanDefinitionReader.loadBeanDefinitions(ConfigurationClassBeanDefinitionReader.java:117)
	at org.springframework.context.annotation.ConfigurationClassPostProcessor.processConfigBeanDefinitions(ConfigurationClassPostProcessor.java:327)
	at org.springframework.context.annotation.ConfigurationClassPostProcessor.postProcessBeanDefinitionRegistry(ConfigurationClassPostProcessor.java:232)
	at org.springframework.context.support.PostProcessorRegistrationDelegate.invokeBeanDefinitionRegistryPostProcessors(PostProcessorRegistrationDelegate.java:275)
	at org.springframework.context.support.PostProcessorRegistrationDelegate.invokeBeanFactoryPostProcessors(PostProcessorRegistrationDelegate.java:95)
	at org.springframework.context.support.AbstractApplicationContext.invokeBeanFactoryPostProcessors(AbstractApplicationContext.java:705)
	at org.springframework.context.support.AbstractApplicationContext.refresh(AbstractApplicationContext.java:531)
	at org.springframework.boot.web.servlet.context.ServletWebServerApplicationContext.refresh(ServletWebServerApplicationContext.java:140)
	at org.springframework.boot.SpringApplication.refresh(SpringApplication.java:742)
	at org.springframework.boot.SpringApplication.refreshContext(SpringApplication.java:389)
	at org.springframework.boot.SpringApplication.run(SpringApplication.java:311)
	at org.springframework.boot.SpringApplication.run(SpringApplication.java:1213)
	at org.springframework.boot.SpringApplication.run(SpringApplication.java:1202)
	at com.bosssoft.hr.train.BossBesBasedataControllerApplication.main(BossBesBasedataControllerApplication.java:16)
	at sun.reflect.NativeMethodAccessorImpl.invoke0(Native Method)
	at sun.reflect.NativeMethodAccessorImpl.invoke(NativeMethodAccessorImpl.java:62)
	at sun.reflect.DelegatingMethodAccessorImpl.invoke(DelegatingMethodAccessorImpl.java:43)
	at java.lang.reflect.Method.invoke(Method.java:498)
	at org.springframework.boot.devtools.restart.RestartLauncher.run(RestartLauncher.java:49)
2019-07-28 10:31:00  [ restartedMain:124536 ] - [ ERROR ]  Application run failed
tk.mybatis.mapper.MapperException: tk.mybatis.mapper.provider.EmptyProvider中缺少selectOne方法!
	at tk.mybatis.mapper.mapperhelper.MapperHelper.fromMapperClass(MapperHelper.java:137)
	at tk.mybatis.mapper.mapperhelper.MapperHelper.registerMapper(MapperHelper.java:151)
	at tk.mybatis.mapper.mapperhelper.MapperHelper.registerMapper(MapperHelper.java:157)
	at tk.mybatis.mapper.mapperhelper.MapperHelper.registerMapper(MapperHelper.java:157)
	at tk.mybatis.mapper.mapperhelper.MapperHelper.registerMapper(MapperHelper.java:157)
	at tk.mybatis.mapper.mapperhelper.MapperHelper.registerMapper(MapperHelper.java:157)
	at tk.mybatis.mapper.mapperhelper.MapperHelper.registerMapper(MapperHelper.java:157)
	at tk.mybatis.mapper.mapperhelper.MapperHelper.setConfig(MapperHelper.java:327)
	at tk.mybatis.spring.mapper.ClassPathMapperScanner.setMapperProperties(ClassPathMapperScanner.java:279)
	at tk.mybatis.mapper.autoconfigure.MapperAutoConfiguration$AutoConfiguredMapperScannerRegistrar.registerBeanDefinitions(MapperAutoConfiguration.java:191)
	at org.springframework.context.annotation.ConfigurationClassBeanDefinitionReader.lambda$loadBeanDefinitionsFromRegistrars$1(ConfigurationClassBeanDefinitionReader.java:364)
	at java.util.LinkedHashMap.forEach(LinkedHashMap.java:684)
	at org.springframework.context.annotation.ConfigurationClassBeanDefinitionReader.loadBeanDefinitionsFromRegistrars(ConfigurationClassBeanDefinitionReader.java:363)
	at org.springframework.context.annotation.ConfigurationClassBeanDefinitionReader.loadBeanDefinitionsForConfigurationClass(ConfigurationClassBeanDefinitionReader.java:145)
	at org.springframework.context.annotation.ConfigurationClassBeanDefinitionReader.loadBeanDefinitions(ConfigurationClassBeanDefinitionReader.java:117)
	at org.springframework.context.annotation.ConfigurationClassPostProcessor.processConfigBeanDefinitions(ConfigurationClassPostProcessor.java:327)
	at org.springframework.context.annotation.ConfigurationClassPostProcessor.postProcessBeanDefinitionRegistry(ConfigurationClassPostProcessor.java:232)
	at org.springframework.context.support.PostProcessorRegistrationDelegate.invokeBeanDefinitionRegistryPostProcessors(PostProcessorRegistrationDelegate.java:275)
	at org.springframework.context.support.PostProcessorRegistrationDelegate.invokeBeanFactoryPostProcessors(PostProcessorRegistrationDelegate.java:95)
	at org.springframework.context.support.AbstractApplicationContext.invokeBeanFactoryPostProcessors(AbstractApplicationContext.java:705)
	at org.springframework.context.support.AbstractApplicationContext.refresh(AbstractApplicationContext.java:531)
	at org.springframework.boot.web.servlet.context.ServletWebServerApplicationContext.refresh(ServletWebServerApplicationContext.java:140)
	at org.springframework.boot.SpringApplication.refresh(SpringApplication.java:742)
	at org.springframework.boot.SpringApplication.refreshContext(SpringApplication.java:389)
	at org.springframework.boot.SpringApplication.run(SpringApplication.java:311)
	at org.springframework.boot.SpringApplication.run(SpringApplication.java:1213)
	at org.springframework.boot.SpringApplication.run(SpringApplication.java:1202)
	at com.bosssoft.hr.train.BossBesBasedataControllerApplication.main(BossBesBasedataControllerApplication.java:16)
	at sun.reflect.NativeMethodAccessorImpl.invoke0(Native Method)
	at sun.reflect.NativeMethodAccessorImpl.invoke(NativeMethodAccessorImpl.java:62)
	at sun.reflect.DelegatingMethodAccessorImpl.invoke(DelegatingMethodAccessorImpl.java:43)
	at java.lang.reflect.Method.invoke(Method.java:498)
	at org.springframework.boot.devtools.restart.RestartLauncher.run(RestartLauncher.java:49)
2019-07-28 10:31:03  [ restartedMain:127451 ] - [ ERROR ]  Application run failed
tk.mybatis.mapper.MapperException: tk.mybatis.mapper.provider.EmptyProvider中缺少selectOne方法!
	at tk.mybatis.mapper.mapperhelper.MapperHelper.fromMapperClass(MapperHelper.java:137)
	at tk.mybatis.mapper.mapperhelper.MapperHelper.registerMapper(MapperHelper.java:151)
	at tk.mybatis.mapper.mapperhelper.MapperHelper.registerMapper(MapperHelper.java:157)
	at tk.mybatis.mapper.mapperhelper.MapperHelper.registerMapper(MapperHelper.java:157)
	at tk.mybatis.mapper.mapperhelper.MapperHelper.registerMapper(MapperHelper.java:157)
	at tk.mybatis.mapper.mapperhelper.MapperHelper.registerMapper(MapperHelper.java:157)
	at tk.mybatis.mapper.mapperhelper.MapperHelper.registerMapper(MapperHelper.java:157)
	at tk.mybatis.mapper.mapperhelper.MapperHelper.setConfig(MapperHelper.java:327)
	at tk.mybatis.spring.mapper.ClassPathMapperScanner.setMapperProperties(ClassPathMapperScanner.java:279)
	at tk.mybatis.mapper.autoconfigure.MapperAutoConfiguration$AutoConfiguredMapperScannerRegistrar.registerBeanDefinitions(MapperAutoConfiguration.java:191)
	at org.springframework.context.annotation.ConfigurationClassBeanDefinitionReader.lambda$loadBeanDefinitionsFromRegistrars$1(ConfigurationClassBeanDefinitionReader.java:364)
	at java.util.LinkedHashMap.forEach(LinkedHashMap.java:684)
	at org.springframework.context.annotation.ConfigurationClassBeanDefinitionReader.loadBeanDefinitionsFromRegistrars(ConfigurationClassBeanDefinitionReader.java:363)
	at org.springframework.context.annotation.ConfigurationClassBeanDefinitionReader.loadBeanDefinitionsForConfigurationClass(ConfigurationClassBeanDefinitionReader.java:145)
	at org.springframework.context.annotation.ConfigurationClassBeanDefinitionReader.loadBeanDefinitions(ConfigurationClassBeanDefinitionReader.java:117)
	at org.springframework.context.annotation.ConfigurationClassPostProcessor.processConfigBeanDefinitions(ConfigurationClassPostProcessor.java:327)
	at org.springframework.context.annotation.ConfigurationClassPostProcessor.postProcessBeanDefinitionRegistry(ConfigurationClassPostProcessor.java:232)
	at org.springframework.context.support.PostProcessorRegistrationDelegate.invokeBeanDefinitionRegistryPostProcessors(PostProcessorRegistrationDelegate.java:275)
	at org.springframework.context.support.PostProcessorRegistrationDelegate.invokeBeanFactoryPostProcessors(PostProcessorRegistrationDelegate.java:95)
	at org.springframework.context.support.AbstractApplicationContext.invokeBeanFactoryPostProcessors(AbstractApplicationContext.java:705)
	at org.springframework.context.support.AbstractApplicationContext.refresh(AbstractApplicationContext.java:531)
	at org.springframework.boot.web.servlet.context.ServletWebServerApplicationContext.refresh(ServletWebServerApplicationContext.java:140)
	at org.springframework.boot.SpringApplication.refresh(SpringApplication.java:742)
	at org.springframework.boot.SpringApplication.refreshContext(SpringApplication.java:389)
	at org.springframework.boot.SpringApplication.run(SpringApplication.java:311)
	at org.springframework.boot.SpringApplication.run(SpringApplication.java:1213)
	at org.springframework.boot.SpringApplication.run(SpringApplication.java:1202)
	at com.bosssoft.hr.train.BossBesBasedataControllerApplication.main(BossBesBasedataControllerApplication.java:16)
	at sun.reflect.NativeMethodAccessorImpl.invoke0(Native Method)
	at sun.reflect.NativeMethodAccessorImpl.invoke(NativeMethodAccessorImpl.java:62)
	at sun.reflect.DelegatingMethodAccessorImpl.invoke(DelegatingMethodAccessorImpl.java:43)
	at java.lang.reflect.Method.invoke(Method.java:498)
	at org.springframework.boot.devtools.restart.RestartLauncher.run(RestartLauncher.java:49)
2019-07-28 10:34:07  [ restartedMain:18404 ] - [ ERROR ]  Application run failed
tk.mybatis.mapper.MapperException: tk.mybatis.mapper.provider.EmptyProvider中缺少selectOne方法!
	at tk.mybatis.mapper.mapperhelper.MapperHelper.fromMapperClass(MapperHelper.java:137)
	at tk.mybatis.mapper.mapperhelper.MapperHelper.registerMapper(MapperHelper.java:151)
	at tk.mybatis.mapper.mapperhelper.MapperHelper.registerMapper(MapperHelper.java:157)
	at tk.mybatis.mapper.mapperhelper.MapperHelper.registerMapper(MapperHelper.java:157)
	at tk.mybatis.mapper.mapperhelper.MapperHelper.registerMapper(MapperHelper.java:157)
	at tk.mybatis.mapper.mapperhelper.MapperHelper.registerMapper(MapperHelper.java:157)
	at tk.mybatis.mapper.mapperhelper.MapperHelper.registerMapper(MapperHelper.java:157)
	at tk.mybatis.mapper.mapperhelper.MapperHelper.setConfig(MapperHelper.java:327)
	at tk.mybatis.spring.mapper.ClassPathMapperScanner.setMapperProperties(ClassPathMapperScanner.java:279)
	at tk.mybatis.mapper.autoconfigure.MapperAutoConfiguration$AutoConfiguredMapperScannerRegistrar.registerBeanDefinitions(MapperAutoConfiguration.java:191)
	at org.springframework.context.annotation.ConfigurationClassBeanDefinitionReader.lambda$loadBeanDefinitionsFromRegistrars$1(ConfigurationClassBeanDefinitionReader.java:364)
	at java.util.LinkedHashMap.forEach(LinkedHashMap.java:684)
	at org.springframework.context.annotation.ConfigurationClassBeanDefinitionReader.loadBeanDefinitionsFromRegistrars(ConfigurationClassBeanDefinitionReader.java:363)
	at org.springframework.context.annotation.ConfigurationClassBeanDefinitionReader.loadBeanDefinitionsForConfigurationClass(ConfigurationClassBeanDefinitionReader.java:145)
	at org.springframework.context.annotation.ConfigurationClassBeanDefinitionReader.loadBeanDefinitions(ConfigurationClassBeanDefinitionReader.java:117)
	at org.springframework.context.annotation.ConfigurationClassPostProcessor.processConfigBeanDefinitions(ConfigurationClassPostProcessor.java:327)
	at org.springframework.context.annotation.ConfigurationClassPostProcessor.postProcessBeanDefinitionRegistry(ConfigurationClassPostProcessor.java:232)
	at org.springframework.context.support.PostProcessorRegistrationDelegate.invokeBeanDefinitionRegistryPostProcessors(PostProcessorRegistrationDelegate.java:275)
	at org.springframework.context.support.PostProcessorRegistrationDelegate.invokeBeanFactoryPostProcessors(PostProcessorRegistrationDelegate.java:95)
	at org.springframework.context.support.AbstractApplicationContext.invokeBeanFactoryPostProcessors(AbstractApplicationContext.java:705)
	at org.springframework.context.support.AbstractApplicationContext.refresh(AbstractApplicationContext.java:531)
	at org.springframework.boot.web.servlet.context.ServletWebServerApplicationContext.refresh(ServletWebServerApplicationContext.java:140)
	at org.springframework.boot.SpringApplication.refresh(SpringApplication.java:742)
	at org.springframework.boot.SpringApplication.refreshContext(SpringApplication.java:389)
	at org.springframework.boot.SpringApplication.run(SpringApplication.java:311)
	at org.springframework.boot.SpringApplication.run(SpringApplication.java:1213)
	at org.springframework.boot.SpringApplication.run(SpringApplication.java:1202)
	at com.bosssoft.hr.train.BossBesBasedataControllerApplication.main(BossBesBasedataControllerApplication.java:16)
	at sun.reflect.NativeMethodAccessorImpl.invoke0(Native Method)
	at sun.reflect.NativeMethodAccessorImpl.invoke(NativeMethodAccessorImpl.java:62)
	at sun.reflect.DelegatingMethodAccessorImpl.invoke(DelegatingMethodAccessorImpl.java:43)
	at java.lang.reflect.Method.invoke(Method.java:498)
	at org.springframework.boot.devtools.restart.RestartLauncher.run(RestartLauncher.java:49)
2019-07-28 10:39:42  [ restartedMain:203255 ] - [ ERROR ]  Application run failed
tk.mybatis.mapper.MapperException: tk.mybatis.mapper.provider.EmptyProvider中缺少selectOne方法!
	at tk.mybatis.mapper.mapperhelper.MapperHelper.fromMapperClass(MapperHelper.java:137)
	at tk.mybatis.mapper.mapperhelper.MapperHelper.registerMapper(MapperHelper.java:151)
	at tk.mybatis.mapper.mapperhelper.MapperHelper.registerMapper(MapperHelper.java:157)
	at tk.mybatis.mapper.mapperhelper.MapperHelper.registerMapper(MapperHelper.java:157)
	at tk.mybatis.mapper.mapperhelper.MapperHelper.registerMapper(MapperHelper.java:157)
	at tk.mybatis.mapper.mapperhelper.MapperHelper.registerMapper(MapperHelper.java:157)
	at tk.mybatis.mapper.mapperhelper.MapperHelper.registerMapper(MapperHelper.java:157)
	at tk.mybatis.mapper.mapperhelper.MapperHelper.setConfig(MapperHelper.java:327)
	at tk.mybatis.spring.mapper.ClassPathMapperScanner.setMapperProperties(ClassPathMapperScanner.java:279)
	at tk.mybatis.mapper.autoconfigure.MapperAutoConfiguration$AutoConfiguredMapperScannerRegistrar.registerBeanDefinitions(MapperAutoConfiguration.java:191)
	at org.springframework.context.annotation.ConfigurationClassBeanDefinitionReader.lambda$loadBeanDefinitionsFromRegistrars$1(ConfigurationClassBeanDefinitionReader.java:364)
	at java.util.LinkedHashMap.forEach(LinkedHashMap.java:684)
	at org.springframework.context.annotation.ConfigurationClassBeanDefinitionReader.loadBeanDefinitionsFromRegistrars(ConfigurationClassBeanDefinitionReader.java:363)
	at org.springframework.context.annotation.ConfigurationClassBeanDefinitionReader.loadBeanDefinitionsForConfigurationClass(ConfigurationClassBeanDefinitionReader.java:145)
	at org.springframework.context.annotation.ConfigurationClassBeanDefinitionReader.loadBeanDefinitions(ConfigurationClassBeanDefinitionReader.java:117)
	at org.springframework.context.annotation.ConfigurationClassPostProcessor.processConfigBeanDefinitions(ConfigurationClassPostProcessor.java:327)
	at org.springframework.context.annotation.ConfigurationClassPostProcessor.postProcessBeanDefinitionRegistry(ConfigurationClassPostProcessor.java:232)
	at org.springframework.context.support.PostProcessorRegistrationDelegate.invokeBeanDefinitionRegistryPostProcessors(PostProcessorRegistrationDelegate.java:275)
	at org.springframework.context.support.PostProcessorRegistrationDelegate.invokeBeanFactoryPostProcessors(PostProcessorRegistrationDelegate.java:95)
	at org.springframework.context.support.AbstractApplicationContext.invokeBeanFactoryPostProcessors(AbstractApplicationContext.java:705)
	at org.springframework.context.support.AbstractApplicationContext.refresh(AbstractApplicationContext.java:531)
	at org.springframework.boot.web.servlet.context.ServletWebServerApplicationContext.refresh(ServletWebServerApplicationContext.java:140)
	at org.springframework.boot.SpringApplication.refresh(SpringApplication.java:742)
	at org.springframework.boot.SpringApplication.refreshContext(SpringApplication.java:389)
	at org.springframework.boot.SpringApplication.run(SpringApplication.java:311)
	at org.springframework.boot.SpringApplication.run(SpringApplication.java:1213)
	at org.springframework.boot.SpringApplication.run(SpringApplication.java:1202)
	at com.bosssoft.hr.train.BossBesBasedataControllerApplication.main(BossBesBasedataControllerApplication.java:16)
	at sun.reflect.NativeMethodAccessorImpl.invoke0(Native Method)
	at sun.reflect.NativeMethodAccessorImpl.invoke(NativeMethodAccessorImpl.java:62)
	at sun.reflect.DelegatingMethodAccessorImpl.invoke(DelegatingMethodAccessorImpl.java:43)
	at java.lang.reflect.Method.invoke(Method.java:498)
	at org.springframework.boot.devtools.restart.RestartLauncher.run(RestartLauncher.java:49)
2019-07-28 10:39:57  [ restartedMain:217685 ] - [ ERROR ]  Application run failed
tk.mybatis.mapper.MapperException: tk.mybatis.mapper.provider.EmptyProvider中缺少selectOne方法!
	at tk.mybatis.mapper.mapperhelper.MapperHelper.fromMapperClass(MapperHelper.java:137)
	at tk.mybatis.mapper.mapperhelper.MapperHelper.registerMapper(MapperHelper.java:151)
	at tk.mybatis.mapper.mapperhelper.MapperHelper.registerMapper(MapperHelper.java:157)
	at tk.mybatis.mapper.mapperhelper.MapperHelper.registerMapper(MapperHelper.java:157)
	at tk.mybatis.mapper.mapperhelper.MapperHelper.registerMapper(MapperHelper.java:157)
	at tk.mybatis.mapper.mapperhelper.MapperHelper.registerMapper(MapperHelper.java:157)
	at tk.mybatis.mapper.mapperhelper.MapperHelper.registerMapper(MapperHelper.java:157)
	at tk.mybatis.mapper.mapperhelper.MapperHelper.setConfig(MapperHelper.java:327)
	at tk.mybatis.spring.mapper.ClassPathMapperScanner.setMapperProperties(ClassPathMapperScanner.java:279)
	at tk.mybatis.mapper.autoconfigure.MapperAutoConfiguration$AutoConfiguredMapperScannerRegistrar.registerBeanDefinitions(MapperAutoConfiguration.java:191)
	at org.springframework.context.annotation.ConfigurationClassBeanDefinitionReader.lambda$loadBeanDefinitionsFromRegistrars$1(ConfigurationClassBeanDefinitionReader.java:364)
	at java.util.LinkedHashMap.forEach(LinkedHashMap.java:684)
	at org.springframework.context.annotation.ConfigurationClassBeanDefinitionReader.loadBeanDefinitionsFromRegistrars(ConfigurationClassBeanDefinitionReader.java:363)
	at org.springframework.context.annotation.ConfigurationClassBeanDefinitionReader.loadBeanDefinitionsForConfigurationClass(ConfigurationClassBeanDefinitionReader.java:145)
	at org.springframework.context.annotation.ConfigurationClassBeanDefinitionReader.loadBeanDefinitions(ConfigurationClassBeanDefinitionReader.java:117)
	at org.springframework.context.annotation.ConfigurationClassPostProcessor.processConfigBeanDefinitions(ConfigurationClassPostProcessor.java:327)
	at org.springframework.context.annotation.ConfigurationClassPostProcessor.postProcessBeanDefinitionRegistry(ConfigurationClassPostProcessor.java:232)
	at org.springframework.context.support.PostProcessorRegistrationDelegate.invokeBeanDefinitionRegistryPostProcessors(PostProcessorRegistrationDelegate.java:275)
	at org.springframework.context.support.PostProcessorRegistrationDelegate.invokeBeanFactoryPostProcessors(PostProcessorRegistrationDelegate.java:95)
	at org.springframework.context.support.AbstractApplicationContext.invokeBeanFactoryPostProcessors(AbstractApplicationContext.java:705)
	at org.springframework.context.support.AbstractApplicationContext.refresh(AbstractApplicationContext.java:531)
	at org.springframework.boot.web.servlet.context.ServletWebServerApplicationContext.refresh(ServletWebServerApplicationContext.java:140)
	at org.springframework.boot.SpringApplication.refresh(SpringApplication.java:742)
	at org.springframework.boot.SpringApplication.refreshContext(SpringApplication.java:389)
	at org.springframework.boot.SpringApplication.run(SpringApplication.java:311)
	at org.springframework.boot.SpringApplication.run(SpringApplication.java:1213)
	at org.springframework.boot.SpringApplication.run(SpringApplication.java:1202)
	at com.bosssoft.hr.train.BossBesBasedataControllerApplication.main(BossBesBasedataControllerApplication.java:16)
	at sun.reflect.NativeMethodAccessorImpl.invoke0(Native Method)
	at sun.reflect.NativeMethodAccessorImpl.invoke(NativeMethodAccessorImpl.java:62)
	at sun.reflect.DelegatingMethodAccessorImpl.invoke(DelegatingMethodAccessorImpl.java:43)
	at java.lang.reflect.Method.invoke(Method.java:498)
	at org.springframework.boot.devtools.restart.RestartLauncher.run(RestartLauncher.java:49)
2019-07-28 10:40:01  [ restartedMain:221452 ] - [ ERROR ]  Application run failed
tk.mybatis.mapper.MapperException: tk.mybatis.mapper.provider.EmptyProvider中缺少selectOne方法!
	at tk.mybatis.mapper.mapperhelper.MapperHelper.fromMapperClass(MapperHelper.java:137)
	at tk.mybatis.mapper.mapperhelper.MapperHelper.registerMapper(MapperHelper.java:151)
	at tk.mybatis.mapper.mapperhelper.MapperHelper.registerMapper(MapperHelper.java:157)
	at tk.mybatis.mapper.mapperhelper.MapperHelper.registerMapper(MapperHelper.java:157)
	at tk.mybatis.mapper.mapperhelper.MapperHelper.registerMapper(MapperHelper.java:157)
	at tk.mybatis.mapper.mapperhelper.MapperHelper.registerMapper(MapperHelper.java:157)
	at tk.mybatis.mapper.mapperhelper.MapperHelper.registerMapper(MapperHelper.java:157)
	at tk.mybatis.mapper.mapperhelper.MapperHelper.setConfig(MapperHelper.java:327)
	at tk.mybatis.spring.mapper.ClassPathMapperScanner.setMapperProperties(ClassPathMapperScanner.java:279)
	at tk.mybatis.mapper.autoconfigure.MapperAutoConfiguration$AutoConfiguredMapperScannerRegistrar.registerBeanDefinitions(MapperAutoConfiguration.java:191)
	at org.springframework.context.annotation.ConfigurationClassBeanDefinitionReader.lambda$loadBeanDefinitionsFromRegistrars$1(ConfigurationClassBeanDefinitionReader.java:364)
	at java.util.LinkedHashMap.forEach(LinkedHashMap.java:684)
	at org.springframework.context.annotation.ConfigurationClassBeanDefinitionReader.loadBeanDefinitionsFromRegistrars(ConfigurationClassBeanDefinitionReader.java:363)
	at org.springframework.context.annotation.ConfigurationClassBeanDefinitionReader.loadBeanDefinitionsForConfigurationClass(ConfigurationClassBeanDefinitionReader.java:145)
	at org.springframework.context.annotation.ConfigurationClassBeanDefinitionReader.loadBeanDefinitions(ConfigurationClassBeanDefinitionReader.java:117)
	at org.springframework.context.annotation.ConfigurationClassPostProcessor.processConfigBeanDefinitions(ConfigurationClassPostProcessor.java:327)
	at org.springframework.context.annotation.ConfigurationClassPostProcessor.postProcessBeanDefinitionRegistry(ConfigurationClassPostProcessor.java:232)
	at org.springframework.context.support.PostProcessorRegistrationDelegate.invokeBeanDefinitionRegistryPostProcessors(PostProcessorRegistrationDelegate.java:275)
	at org.springframework.context.support.PostProcessorRegistrationDelegate.invokeBeanFactoryPostProcessors(PostProcessorRegistrationDelegate.java:95)
	at org.springframework.context.support.AbstractApplicationContext.invokeBeanFactoryPostProcessors(AbstractApplicationContext.java:705)
	at org.springframework.context.support.AbstractApplicationContext.refresh(AbstractApplicationContext.java:531)
	at org.springframework.boot.web.servlet.context.ServletWebServerApplicationContext.refresh(ServletWebServerApplicationContext.java:140)
	at org.springframework.boot.SpringApplication.refresh(SpringApplication.java:742)
	at org.springframework.boot.SpringApplication.refreshContext(SpringApplication.java:389)
	at org.springframework.boot.SpringApplication.run(SpringApplication.java:311)
	at org.springframework.boot.SpringApplication.run(SpringApplication.java:1213)
	at org.springframework.boot.SpringApplication.run(SpringApplication.java:1202)
	at com.bosssoft.hr.train.BossBesBasedataControllerApplication.main(BossBesBasedataControllerApplication.java:16)
	at sun.reflect.NativeMethodAccessorImpl.invoke0(Native Method)
	at sun.reflect.NativeMethodAccessorImpl.invoke(NativeMethodAccessorImpl.java:62)
	at sun.reflect.DelegatingMethodAccessorImpl.invoke(DelegatingMethodAccessorImpl.java:43)
	at java.lang.reflect.Method.invoke(Method.java:498)
	at org.springframework.boot.devtools.restart.RestartLauncher.run(RestartLauncher.java:49)
2019-07-28 10:40:31  [ restartedMain:251800 ] - [ ERROR ]  Application run failed
tk.mybatis.mapper.MapperException: tk.mybatis.mapper.provider.EmptyProvider中缺少selectOne方法!
	at tk.mybatis.mapper.mapperhelper.MapperHelper.fromMapperClass(MapperHelper.java:137)
	at tk.mybatis.mapper.mapperhelper.MapperHelper.registerMapper(MapperHelper.java:151)
	at tk.mybatis.mapper.mapperhelper.MapperHelper.registerMapper(MapperHelper.java:157)
	at tk.mybatis.mapper.mapperhelper.MapperHelper.registerMapper(MapperHelper.java:157)
	at tk.mybatis.mapper.mapperhelper.MapperHelper.registerMapper(MapperHelper.java:157)
	at tk.mybatis.mapper.mapperhelper.MapperHelper.registerMapper(MapperHelper.java:157)
	at tk.mybatis.mapper.mapperhelper.MapperHelper.registerMapper(MapperHelper.java:157)
	at tk.mybatis.mapper.mapperhelper.MapperHelper.setConfig(MapperHelper.java:327)
	at tk.mybatis.spring.mapper.ClassPathMapperScanner.setMapperProperties(ClassPathMapperScanner.java:279)
	at tk.mybatis.mapper.autoconfigure.MapperAutoConfiguration$AutoConfiguredMapperScannerRegistrar.registerBeanDefinitions(MapperAutoConfiguration.java:191)
	at org.springframework.context.annotation.ConfigurationClassBeanDefinitionReader.lambda$loadBeanDefinitionsFromRegistrars$1(ConfigurationClassBeanDefinitionReader.java:364)
	at java.util.LinkedHashMap.forEach(LinkedHashMap.java:684)
	at org.springframework.context.annotation.ConfigurationClassBeanDefinitionReader.loadBeanDefinitionsFromRegistrars(ConfigurationClassBeanDefinitionReader.java:363)
	at org.springframework.context.annotation.ConfigurationClassBeanDefinitionReader.loadBeanDefinitionsForConfigurationClass(ConfigurationClassBeanDefinitionReader.java:145)
	at org.springframework.context.annotation.ConfigurationClassBeanDefinitionReader.loadBeanDefinitions(ConfigurationClassBeanDefinitionReader.java:117)
	at org.springframework.context.annotation.ConfigurationClassPostProcessor.processConfigBeanDefinitions(ConfigurationClassPostProcessor.java:327)
	at org.springframework.context.annotation.ConfigurationClassPostProcessor.postProcessBeanDefinitionRegistry(ConfigurationClassPostProcessor.java:232)
	at org.springframework.context.support.PostProcessorRegistrationDelegate.invokeBeanDefinitionRegistryPostProcessors(PostProcessorRegistrationDelegate.java:275)
	at org.springframework.context.support.PostProcessorRegistrationDelegate.invokeBeanFactoryPostProcessors(PostProcessorRegistrationDelegate.java:95)
	at org.springframework.context.support.AbstractApplicationContext.invokeBeanFactoryPostProcessors(AbstractApplicationContext.java:705)
	at org.springframework.context.support.AbstractApplicationContext.refresh(AbstractApplicationContext.java:531)
	at org.springframework.boot.web.servlet.context.ServletWebServerApplicationContext.refresh(ServletWebServerApplicationContext.java:140)
	at org.springframework.boot.SpringApplication.refresh(SpringApplication.java:742)
	at org.springframework.boot.SpringApplication.refreshContext(SpringApplication.java:389)
	at org.springframework.boot.SpringApplication.run(SpringApplication.java:311)
	at org.springframework.boot.SpringApplication.run(SpringApplication.java:1213)
	at org.springframework.boot.SpringApplication.run(SpringApplication.java:1202)
	at com.bosssoft.hr.train.BossBesBasedataControllerApplication.main(BossBesBasedataControllerApplication.java:16)
	at sun.reflect.NativeMethodAccessorImpl.invoke0(Native Method)
	at sun.reflect.NativeMethodAccessorImpl.invoke(NativeMethodAccessorImpl.java:62)
	at sun.reflect.DelegatingMethodAccessorImpl.invoke(DelegatingMethodAccessorImpl.java:43)
	at java.lang.reflect.Method.invoke(Method.java:498)
	at org.springframework.boot.devtools.restart.RestartLauncher.run(RestartLauncher.java:49)
2019-07-28 10:40:33  [ restartedMain:253902 ] - [ ERROR ]  Application run failed
tk.mybatis.mapper.MapperException: tk.mybatis.mapper.provider.EmptyProvider中缺少selectOne方法!
	at tk.mybatis.mapper.mapperhelper.MapperHelper.fromMapperClass(MapperHelper.java:137)
	at tk.mybatis.mapper.mapperhelper.MapperHelper.registerMapper(MapperHelper.java:151)
	at tk.mybatis.mapper.mapperhelper.MapperHelper.registerMapper(MapperHelper.java:157)
	at tk.mybatis.mapper.mapperhelper.MapperHelper.registerMapper(MapperHelper.java:157)
	at tk.mybatis.mapper.mapperhelper.MapperHelper.registerMapper(MapperHelper.java:157)
	at tk.mybatis.mapper.mapperhelper.MapperHelper.registerMapper(MapperHelper.java:157)
	at tk.mybatis.mapper.mapperhelper.MapperHelper.registerMapper(MapperHelper.java:157)
	at tk.mybatis.mapper.mapperhelper.MapperHelper.setConfig(MapperHelper.java:327)
	at tk.mybatis.spring.mapper.ClassPathMapperScanner.setMapperProperties(ClassPathMapperScanner.java:279)
	at tk.mybatis.mapper.autoconfigure.MapperAutoConfiguration$AutoConfiguredMapperScannerRegistrar.registerBeanDefinitions(MapperAutoConfiguration.java:191)
	at org.springframework.context.annotation.ConfigurationClassBeanDefinitionReader.lambda$loadBeanDefinitionsFromRegistrars$1(ConfigurationClassBeanDefinitionReader.java:364)
	at java.util.LinkedHashMap.forEach(LinkedHashMap.java:684)
	at org.springframework.context.annotation.ConfigurationClassBeanDefinitionReader.loadBeanDefinitionsFromRegistrars(ConfigurationClassBeanDefinitionReader.java:363)
	at org.springframework.context.annotation.ConfigurationClassBeanDefinitionReader.loadBeanDefinitionsForConfigurationClass(ConfigurationClassBeanDefinitionReader.java:145)
	at org.springframework.context.annotation.ConfigurationClassBeanDefinitionReader.loadBeanDefinitions(ConfigurationClassBeanDefinitionReader.java:117)
	at org.springframework.context.annotation.ConfigurationClassPostProcessor.processConfigBeanDefinitions(ConfigurationClassPostProcessor.java:327)
	at org.springframework.context.annotation.ConfigurationClassPostProcessor.postProcessBeanDefinitionRegistry(ConfigurationClassPostProcessor.java:232)
	at org.springframework.context.support.PostProcessorRegistrationDelegate.invokeBeanDefinitionRegistryPostProcessors(PostProcessorRegistrationDelegate.java:275)
	at org.springframework.context.support.PostProcessorRegistrationDelegate.invokeBeanFactoryPostProcessors(PostProcessorRegistrationDelegate.java:95)
	at org.springframework.context.support.AbstractApplicationContext.invokeBeanFactoryPostProcessors(AbstractApplicationContext.java:705)
	at org.springframework.context.support.AbstractApplicationContext.refresh(AbstractApplicationContext.java:531)
	at org.springframework.boot.web.servlet.context.ServletWebServerApplicationContext.refresh(ServletWebServerApplicationContext.java:140)
	at org.springframework.boot.SpringApplication.refresh(SpringApplication.java:742)
	at org.springframework.boot.SpringApplication.refreshContext(SpringApplication.java:389)
	at org.springframework.boot.SpringApplication.run(SpringApplication.java:311)
	at org.springframework.boot.SpringApplication.run(SpringApplication.java:1213)
	at org.springframework.boot.SpringApplication.run(SpringApplication.java:1202)
	at com.bosssoft.hr.train.BossBesBasedataControllerApplication.main(BossBesBasedataControllerApplication.java:16)
	at sun.reflect.NativeMethodAccessorImpl.invoke0(Native Method)
	at sun.reflect.NativeMethodAccessorImpl.invoke(NativeMethodAccessorImpl.java:62)
	at sun.reflect.DelegatingMethodAccessorImpl.invoke(DelegatingMethodAccessorImpl.java:43)
	at java.lang.reflect.Method.invoke(Method.java:498)
	at org.springframework.boot.devtools.restart.RestartLauncher.run(RestartLauncher.java:49)
